{"/Users/user/Documents/Portfolio/FE/react-testing/app/components/application/application.tsx": {"path":"/Users/user/Documents/Portfolio/FE/react-testing/app/components/application/application.tsx","statementMap":{"0":{"start":{"line":3,"column":27},"end":{"line":29,"column":1}},"1":{"start":{"line":4,"column":2},"end":{"line":28,"column":4}},"2":{"start":{"line":3,"column":13},"end":{"line":3,"column":27}}},"fnMap":{"0":{"name":"(anonymous_0)","decl":{"start":{"line":3,"column":27},"end":{"line":3,"column":30}},"loc":{"start":{"line":3,"column":32},"end":{"line":29,"column":1}}}},"branchMap":{},"s":{"0":0,"1":0,"2":0},"f":{"0":0},"b":{}}
,"/Users/user/Documents/Portfolio/FE/react-testing/app/components/greet/greet.tsx": {"path":"/Users/user/Documents/Portfolio/FE/react-testing/app/components/greet/greet.tsx","statementMap":{"0":{"start":{"line":3,"column":21},"end":{"line":5,"column":1}},"1":{"start":{"line":4,"column":2},"end":{"line":4,"column":62}},"2":{"start":{"line":3,"column":13},"end":{"line":3,"column":21}}},"fnMap":{"0":{"name":"(anonymous_0)","decl":{"start":{"line":3,"column":21},"end":{"line":3,"column":22}},"loc":{"start":{"line":3,"column":43},"end":{"line":5,"column":1}}}},"branchMap":{"0":{"loc":{"start":{"line":4,"column":21},"end":{"line":4,"column":54}},"type":"cond-expr","locations":[{"start":{"line":4,"column":34},"end":{"line":4,"column":44}},{"start":{"line":4,"column":47},"end":{"line":4,"column":54}}]}},"s":{"0":3,"1":6,"2":3},"f":{"0":6},"b":{"0":[3,3]}}
}
